Arguments: 
  C:\Program Files\nodejs\node.exe C:\Program Files\nodejs\node_modules\yarn\bin\yarn.js add express bosy-parser cors

PATH: 
  C:\Program Files\Git\mingw64\bin;C:\Program Files\Git\usr\bin;C:\Users\marco\bin;C:\Program Files (x86)\Razer Chroma SDK\bin;C:\Program Files\Razer Chroma SDK\bin;C:\Program Files (x86)\Razer\ChromaBroadcast\bin;C:\Program Files\Razer\ChromaBroadcast\bin;C:\Windows\system32;C:\Windows;C:\Windows\System32\Wbem;C:\Windows\System32\WindowsPowerShell\v1.0;C:\Windows\System32\OpenSSH;C:\Program Files (x86)\NVIDIA Corporation\PhysX\Common;C:\Program Files\NVIDIA Corporation\NVIDIA NvDLISR;C:\Users\marco\AppData\Roaming\nvm;C:\Program Files\nodejs;C:\Program Files\Git\cmd;C:\ProgramData\ComposerSetup\bin;C:\Windows\system32\config\systemprofile\AppData\Local\Microsoft\WindowsApps;C:\Program Files\Docker\Docker\resources\bin;C:\Program Files\PowerShell\7;C:\Users\marco\AppData\Local\Microsoft\WindowsApps;C:\Users\marco\AppData\Local\JetBrains\Toolbox\scripts;C:\Users\marco\AppData\Local\GitHubDesktop\bin;C:\Program Files\JetBrains\WebStorm 2022.3.2\bin;C:\Users\marco\AppData\Local\Programs\oh-my-posh\bin;C:\Program Files\JetBrains\DataGrip 2022.3.3\bin;C:\PHP8;C:\Users\marco\AppData\Roaming\Composer\vendor\bin;C:\Users\marco\AppData\Local\gitkraken\bin;C:\Users\marco\OneDrive\Desktop\mockupbooks\node_modules\.bin

Yarn version: 
  1.22.19

Node version: 
  16.16.0

Platform: 
  win32 x64

Trace: 
  Error: https://registry.yarnpkg.com/bosy-parser: Not found
      at Request.params.callback [as _callback] (C:\Users\marco\AppData\Roaming\nvm\v16.16.0\node_modules\yarn\lib\cli.js:66145:18)
      at Request.self.callback (C:\Users\marco\AppData\Roaming\nvm\v16.16.0\node_modules\yarn\lib\cli.js:140890:22)
      at Request.emit (node:events:527:28)
      at Request.<anonymous> (C:\Users\marco\AppData\Roaming\nvm\v16.16.0\node_modules\yarn\lib\cli.js:141862:10)
      at Request.emit (node:events:527:28)
      at IncomingMessage.<anonymous> (C:\Users\marco\AppData\Roaming\nvm\v16.16.0\node_modules\yarn\lib\cli.js:141784:12)
      at Object.onceWrapper (node:events:641:28)
      at IncomingMessage.emit (node:events:539:35)
      at endReadableNT (node:internal/streams/readable:1345:12)
      at processTicksAndRejections (node:internal/process/task_queues:83:21)

npm manifest: 
  {
    "name": "mockupbooks",
    "version": "1.0.0",
    "description": "",
    "main": "index.js",
    "scripts": {
      "test": "echo \"Error: no test specified\" && exit 1"
    },
    "keywords": [],
    "author": "",
    "license": "ISC"
  }

yarn manifest: 
  No manifest

Lockfile: 
  No lockfile
